2020-03-19 v->1.0.0 首次发布

2020-03-27 v->1.0.1 
	1、修复servlet对response包装的问题（过滤之后没有响应的问题）
	
2020-03-30 v->1.0.2
	1、弃用了org.yelong.support.orm.mybaits.interceptor.ModelResultSetHandlerInteceptor 
	2、修复了多线程myBatis查询出现类转换的异常
	
2020-04-11 v->1.0.3
	1、新增了org.yelong.support.tools包
	2、新增了对压缩操作的类ZipUtils
	3、新增SqlModelExclusionStrategy类，对SqlModel字段的排除策略
	
2020-04-29 v->1.0.4
	1、新增org.yelong.support.orm.DataSourcePropertiesFactory类
	
2020-05-20 -> 1.1.0
	1、org.yelong.support.spring.mvc.interceptor.AbstractHandlerInterceptor 新增方法
	2、兼容yelong-core 1.1.0
	
2020-05-27 -> 1.1.1
	1、新增org.yelong.support.spring.jdbc.model.TransactionalModelService 类，解决Mybatis没有把事务交给Spring的问题
	2、修改org.yelong.support.orm.mybaits.model.AbstractMyBatisModelService 继承类为TransactionalModelService
	3、新增org.yelong.support.spring.jdbc.mybatis.TransactionalMyBatisBaseDataBaseOperation 类，解决Mybatis没有把事务交给Spring的问题
	4、修改org.yelong.support.orm.mybaits.mapper.DefaultMyBatisBaseDataBaseOperation 继承类为TransactionalMyBatisBaseDataBaseOperation
	
2020-06-07 -> 1.2.0
	1、删除org.yelong.support.security包。该包的所有功能由 yelong-security 项目实现
	2、修改所有注释的风格
	